<?xml version="1.0" encoding="UTF-8"?>
<!-- Generated by org.testng.reporters.JUnitReportReporter -->
<testsuite hostname="M260942XWG8WP" failures="0" tests="3" name="com.crmqa.qa.tests.LoginPageTest" time="29.731" errors="0" timestamp="14 May 2018 07:22:59 GMT" skipped="0">
  <testcase classname="com.crmqa.qa.tests.LoginPageTest" name="loginPageImage" time="5.407"/>
  <testcase classname="com.crmqa.qa.tests.LoginPageTest" name="loginTest" time="18.032"/>
  <testcase classname="com.crmqa.qa.tests.LoginPageTest" name="loginPageTitleTest" time="6.292"/>
</testsuite> <!-- com.crmqa.qa.tests.LoginPageTest -->
