<?xml version="1.0" encoding="UTF-8"?>
<!-- Generated by org.testng.reporters.JUnitReportReporter -->
<testsuite hostname="M260942XWG8WP" failures="0" tests="4" name="com.crmqa.qa.tests.LoginPageT" time="10.783" errors="1" timestamp="01 May 2018 11:58:34 GMT" skipped="3">
  <testcase classname="com.crmqa.qa.tests.LoginPageT" name="setUp" time="10.783">
    <error message="class com.crmqa.qa.base.TestBase (in unnamed module @0x26b894bd) cannot access class jdk.internal.jline.internal.Log (in module jdk.internal.le) because module jdk.internal.le does not export jdk.internal.jline.internal to unnamed module @0x26b894bd" type="java.lang.IllegalAccessError">
      <![CDATA[java.lang.IllegalAccessError: class com.crmqa.qa.base.TestBase (in unnamed module @0x26b894bd) cannot access class jdk.internal.jline.internal.Log (in module jdk.internal.le) because module jdk.internal.le does not export jdk.internal.jline.internal to unnamed module @0x26b894bd
at com.crmqa.qa.base.TestBase.initialization(TestBase.java:64)
at com.crmqa.qa.tests.LoginPageT.setUp(LoginPageT.java:25)
at java.base/jdk.internal.reflect.NativeMethodAccessorImpl.invoke0(Native Method)
at java.base/jdk.internal.reflect.NativeMethodAccessorImpl.invoke(NativeMethodAccessorImpl.java:62)
at java.base/jdk.internal.reflect.DelegatingMethodAccessorImpl.invoke(DelegatingMethodAccessorImpl.java:43)
at java.base/java.lang.reflect.Method.invoke(Method.java:564)
at org.testng.internal.MethodInvocationHelper.invokeMethod(MethodInvocationHelper.java:124)
at org.testng.internal.MethodInvocationHelper.invokeMethodConsideringTimeout(MethodInvocationHelper.java:59)
at org.testng.internal.Invoker.invokeConfigurationMethod(Invoker.java:455)
at org.testng.internal.Invoker.invokeConfigurations(Invoker.java:222)
at org.testng.internal.Invoker.invokeMethod(Invoker.java:520)
at org.testng.internal.Invoker.invokeTestMethod(Invoker.java:716)
at org.testng.internal.Invoker.invokeTestMethods(Invoker.java:988)
at org.testng.internal.TestMethodWorker.invokeTestMethods(TestMethodWorker.java:125)
at org.testng.internal.TestMethodWorker.run(TestMethodWorker.java:109)
at org.testng.TestRunner.privateRun(TestRunner.java:648)
at org.testng.TestRunner.run(TestRunner.java:505)
at org.testng.SuiteRunner.runTest(SuiteRunner.java:455)
at org.testng.SuiteRunner.runSequentially(SuiteRunner.java:450)
at org.testng.SuiteRunner.privateRun(SuiteRunner.java:415)
at org.testng.SuiteRunner.run(SuiteRunner.java:364)
at org.testng.SuiteRunnerWorker.runSuite(SuiteRunnerWorker.java:52)
at org.testng.SuiteRunnerWorker.run(SuiteRunnerWorker.java:84)
at org.testng.TestNG.runSuitesSequentially(TestNG.java:1208)
at org.testng.TestNG.runSuitesLocally(TestNG.java:1137)
at org.testng.TestNG.runSuites(TestNG.java:1049)
at org.testng.TestNG.run(TestNG.java:1017)
at org.testng.remote.AbstractRemoteTestNG.run(AbstractRemoteTestNG.java:114)
at org.testng.remote.RemoteTestNG.initAndRun(RemoteTestNG.java:251)
at org.testng.remote.RemoteTestNG.main(RemoteTestNG.java:77)
]]>
    </error>
  </testcase> <!-- setUp -->
  <testcase classname="com.crmqa.qa.tests.LoginPageT" name="loginPageTitleTest" time="0.000">
    <skipped/>
  </testcase> <!-- loginPageTitleTest -->
  <testcase classname="com.crmqa.qa.tests.LoginPageT" name="loginPageImage" time="0.000">
    <skipped/>
  </testcase> <!-- loginPageImage -->
  <testcase classname="com.crmqa.qa.tests.LoginPageT" name="loginTest" time="0.000">
    <skipped/>
  </testcase> <!-- loginTest -->
</testsuite> <!-- com.crmqa.qa.tests.LoginPageT -->
