<?xml version="1.0" encoding="UTF-8"?>
<!-- Generated by org.testng.reporters.JUnitReportReporter -->
<testsuite hostname="M260942XWG8WP" failures="0" tests="3" name="com.crmqa.qa.tests.HomePageTest" time="39.590" errors="0" timestamp="02 May 2018 07:19:23 GMT" skipped="0">
  <testcase classname="com.crmqa.qa.tests.HomePageTest" name="verifyHomePageTitleTest" time="13.621"/>
  <testcase classname="com.crmqa.qa.tests.HomePageTest" name="verifyLoginTest" time="13.570"/>
  <testcase classname="com.crmqa.qa.tests.HomePageTest" name="verifyContactLinkTest" time="12.399"/>
</testsuite> <!-- com.crmqa.qa.tests.HomePageTest -->
