<?xml version="1.0" encoding="UTF-8"?>
<!-- Generated by org.testng.reporters.JUnitReportReporter -->
<testsuite skipped="0" hostname="M260942XWG8WP" name="com.crmqa.qa.tests.LoginPageTest" tests="3" failures="0" timestamp="14 May 2018 14:30:45 GMT" time="33.945" errors="0">
  <testcase name="loginTest" time="17.540" classname="com.crmqa.qa.tests.LoginPageTest"/>
  <testcase name="loginPageTitleTest" time="9.374" classname="com.crmqa.qa.tests.LoginPageTest"/>
  <testcase name="loginPageImage" time="7.031" classname="com.crmqa.qa.tests.LoginPageTest"/>
</testsuite> <!-- com.crmqa.qa.tests.LoginPageTest -->
